#
# A fatal error has been detected by the Java Runtime Environment:
#
#  EXCEPTION_ACCESS_VIOLATION (0xc0000005) at pc=0x61227f17, pid=4980, tid=2924
#
# JRE version: 7.0_15-b03
# Java VM: Java HotSpot(TM) Client VM (23.7-b01 mixed mode, sharing windows-x86 )
# Problematic frame:
# C  [GOOGLEPINYIN2.IME+0xa7f17]  DllRegisterServer+0x43d47
#
# Failed to write core dump. Minidumps are not enabled by default on client versions of Windows
#
# If you would like to submit a bug report, please visit:
#   http://bugreport.sun.com/bugreport/crash.jsp
# The crash happened outside the Java Virtual Machine in native code.
# See problematic frame for where to report the bug.
#

---------------  T H R E A D  ---------------

Current thread (0x0400f000):  JavaThread "AWT-Windows" daemon [_thread_in_native, id=2924, stack(0x041b0000,0x04200000)]

siginfo: ExceptionCode=0xc0000005, reading address 0x00000004

Registers:
EAX=0x0efd14d8, EBX=0x0f15e730, ECX=0x00000000, EDX=0x00000002
ESP=0x041feff8, EBP=0x041ff030, ESI=0x0efd14d8, EDI=0x00000002
EIP=0x61227f17, EFLAGS=0x00010246

Top of Stack: (sp=0x041feff8)
0x041feff8:   00000001 612256ba 00010526 0efd14d8
0x041ff008:   00000111 00000002 00010526 61225c72
0x041ff018:   0efd14d8 041ff030 041ff0ac 00000111
0x041ff028:   041ff05c 00000000 00000000 7707c4e7
0x041ff038:   00010526 00000111 00000002 00010526
0x041ff048:   00000111 dcbaabcd 00000000 041ff0ac
0x041ff058:   00000111 041ff0d4 7707c5e7 61225c20
0x041ff068:   00010526 00000111 00000002 00010526 

Instructions: (pc=0x61227f17)
0x61227ef7:   d8 83 e8 01 83 c4 0c c3 83 c8 ff 83 c4 0c c3 cc
0x61227f07:   cc cc cc cc cc cc cc cc cc 53 8b 58 04 8b 4b 50
0x61227f17:   8b 49 04 56 57 52 e8 5e 96 ff ff 85 c0 74 29 8b
0x61227f27:   70 1c 85 f6 74 22 83 78 18 10 72 05 8b 40 04 eb 


Register to memory mapping:

EAX=0x0efd14d8 is an unknown value
EBX=0x0f15e730 is an unknown value
ECX=0x00000000 is an unknown value
EDX=0x00000002 is an unknown value
ESP=0x041feff8 is pointing into the stack for thread: 0x0400f000
EBP=0x041ff030 is pointing into the stack for thread: 0x0400f000
ESI=0x0efd14d8 is an unknown value
EDI=0x00000002 is an unknown value


Stack: [0x041b0000,0x04200000],  sp=0x041feff8,  free space=315k
Native frames: (J=compiled Java code, j=interpreted, Vv=VM code, C=native code)
C  [GOOGLEPINYIN2.IME+0xa7f17]  DllRegisterServer+0x43d47

Java frames: (J=compiled Java code, j=interpreted, Vv=VM code)
j  sun.awt.windows.WToolkit.eventLoop()V+0
j  sun.awt.windows.WToolkit.run()V+49
j  java.lang.Thread.run()V+11
v  ~StubRoutines::call_stub

---------------  P R O C E S S  ---------------

Java Threads: ( => current thread )
  0x07829400 JavaThread "Thread-0" daemon [_thread_in_native, id=5308, stack(0x11d80000,0x11dd0000)]
  0x07828800 JavaThread "Image Animator 1" daemon [_thread_blocked, id=5192, stack(0x0a540000,0x0a590000)]
  0x078ee400 JavaThread "GC Daemon" daemon [_thread_blocked, id=5224, stack(0x0a670000,0x0a6c0000)]
  0x078edc00 JavaThread "RMI RenewClean-[192.168.168.1:49193]" daemon [_thread_blocked, id=5200, stack(0x0a470000,0x0a4c0000)]
  0x078ec400 JavaThread "RMI Scheduler(0)" daemon [_thread_blocked, id=5196, stack(0x0a350000,0x0a3a0000)]
  0x07902800 JavaThread "TimerQueue" daemon [_thread_blocked, id=3024, stack(0x0a1c0000,0x0a210000)]
  0x0122b400 JavaThread "DestroyJavaVM" [_thread_blocked, id=4972, stack(0x01a60000,0x01ab0000)]
  0x04094000 JavaThread "AWT-EventQueue-0" [_thread_blocked, id=4492, stack(0x05c40000,0x05c90000)]
  0x04084c00 JavaThread "Image Animator 3" daemon [_thread_blocked, id=5124, stack(0x071c0000,0x07210000)]
=>0x0400f000 JavaThread "AWT-Windows" daemon [_thread_in_native, id=2924, stack(0x041b0000,0x04200000)]
  0x0400e800 JavaThread "AWT-Shutdown" [_thread_blocked, id=3676, stack(0x04320000,0x04370000)]
  0x0400bc00 JavaThread "Java2D Disposer" daemon [_thread_blocked, id=4136, stack(0x04220000,0x04270000)]
  0x01c7dc00 JavaThread "Service Thread" daemon [_thread_blocked, id=5120, stack(0x03d60000,0x03db0000)]
  0x01c79800 JavaThread "C1 CompilerThread0" daemon [_thread_blocked, id=5040, stack(0x03e30000,0x03e80000)]
  0x01c78400 JavaThread "Attach Listener" daemon [_thread_blocked, id=5152, stack(0x03f30000,0x03f80000)]
  0x01c75000 JavaThread "Signal Dispatcher" daemon [_thread_blocked, id=4048, stack(0x019c0000,0x01a10000)]
  0x01c53400 JavaThread "Finalizer" daemon [_thread_blocked, id=2436, stack(0x011c0000,0x01210000)]
  0x01c52000 JavaThread "Reference Handler" daemon [_thread_blocked, id=4952, stack(0x03d00000,0x03d50000)]

Other Threads:
  0x01c50400 VMThread [stack: 0x03db0000,0x03e00000] [id=732]
  0x01c7f800 WatcherThread [stack: 0x03e90000,0x03ee0000] [id=5044]

VM state:not at safepoint (normal execution)

VM Mutex/Monitor currently owned by a thread: None

Heap
 def new generation   total 10816K, used 8227K [0x23af0000, 0x246a0000, 0x29040000)
  eden space 9664K,  79% used [0x23af0000, 0x24271b60, 0x24460000)
  from space 1152K,  46% used [0x24580000, 0x24607210, 0x246a0000)
  to   space 1152K,   0% used [0x24460000, 0x24460000, 0x24580000)
 tenured generation   total 23860K, used 22957K [0x29040000, 0x2a78d000, 0x33af0000)
   the space 23860K,  96% used [0x29040000, 0x2a6ab6c8, 0x2a6ab800, 0x2a78d000)
 compacting perm gen  total 12288K, used 3379K [0x33af0000, 0x346f0000, 0x37af0000)
   the space 12288K,  27% used [0x33af0000, 0x33e3cea0, 0x33e3d000, 0x346f0000)
    ro space 10240K,  42% used [0x37af0000, 0x37f31c28, 0x37f31e00, 0x384f0000)
    rw space 12288K,  54% used [0x384f0000, 0x38b72938, 0x38b72a00, 0x390f0000)

Card table byte_map: [0x01ab0000,0x01b60000] byte_map_base: 0x01992880

Polling page: 0x00120000

Code Cache  [0x01ca0000, 0x01f70000, 0x03ca0000)
 total_blobs=1858 nmethods=1597 adapters=193 free_code_cache=29909Kb largest_free_block=30625984

Compilation events (10 events):
Event: 109.800 Thread 0x01c79800 1611             java.util.Calendar::internalGet (7 bytes)
Event: 109.800 Thread 0x01c79800 nmethod 1611 0x01f66a48 code [0x01f66b40, 0x01f66be0]
Event: 112.843 Thread 0x01c79800 1612             java.text.SimpleDateFormat::compile (616 bytes)
Event: 112.854 Thread 0x01c79800 nmethod 1612 0x01f66c88 code [0x01f66fd0, 0x01f68328]
Event: 114.636 Thread 0x01c79800 1613             javax.swing.ImageIcon::getIconWidth (5 bytes)
Event: 114.636 Thread 0x01c79800 nmethod 1613 0x01f6a7c8 code [0x01f6a8c0, 0x01f6a940]
Event: 114.636 Thread 0x01c79800 1614             javax.swing.ImageIcon::getIconHeight (5 bytes)
Event: 114.637 Thread 0x01c79800 nmethod 1614 0x01f6a988 code [0x01f6aa80, 0x01f6ab00]
Event: 114.964 Thread 0x01c79800 1615  s          javax.swing.ImageIcon::paintIcon (40 bytes)
Event: 114.964 Thread 0x01c79800 nmethod 1615 0x01f6ab48 code [0x01f6ac60, 0x01f6ae98]

GC Heap History (10 events):
Event: 104.698 GC heap before
{Heap before GC invocations=61 (full 2):
 def new generation   total 10816K, used 809K [0x23af0000, 0x246a0000, 0x29040000)
  eden space 9664K,   0% used [0x23af0000, 0x23af26e8, 0x24460000)
  from space 1152K,  69% used [0x24460000, 0x24527dc8, 0x24580000)
  to   space 1152K,   0% used [0x24580000, 0x24580000, 0x246a0000)
 tenured generation   total 23860K, used 21999K [0x29040000, 0x2a78d000, 0x33af0000)
   the space 23860K,  92% used [0x29040000, 0x2a5bbc00, 0x2a5bbc00, 0x2a78d000)
 compacting perm gen  total 12288K, used 3379K [0x33af0000, 0x346f0000, 0x37af0000)
   the space 12288K,  27% used [0x33af0000, 0x33e3ce30, 0x33e3d000, 0x346f0000)
    ro space 10240K,  42% used [0x37af0000, 0x37f31c28, 0x37f31e00, 0x384f0000)
    rw space 12288K,  54% used [0x384f0000, 0x38b72938, 0x38b72a00, 0x390f0000)
Event: 104.701 GC heap after
Heap after GC invocations=62 (full 2):
 def new generation   total 10816K, used 0K [0x23af0000, 0x246a0000, 0x29040000)
  eden space 9664K,   0% used [0x23af0000, 0x23af0000, 0x24460000)
  from space 1152K,   0% used [0x24580000, 0x245800f0, 0x246a0000)
  to   space 1152K,   0% used [0x24460000, 0x24460000, 0x24580000)
 tenured generation   total 23860K, used 22798K [0x29040000, 0x2a78d000, 0x33af0000)
   the space 23860K,  95% used [0x29040000, 0x2a6838a8, 0x2a683a00, 0x2a78d000)
 compacting perm gen  total 12288K, used 3379K [0x33af0000, 0x346f0000, 0x37af0000)
   the space 12288K,  27% used [0x33af0000, 0x33e3ce30, 0x33e3d000, 0x346f0000)
    ro space 10240K,  42% used [0x37af0000, 0x37f31c28, 0x37f31e00, 0x384f0000)
    rw space 12288K,  54% used [0x384f0000, 0x38b72938, 0x38b72a00, 0x390f0000)
}
Event: 107.121 GC heap before
{Heap before GC invocations=62 (full 2):
 def new generation   total 10816K, used 9664K [0x23af0000, 0x246a0000, 0x29040000)
  eden space 9664K, 100% used [0x23af0000, 0x24460000, 0x24460000)
  from space 1152K,   0% used [0x24580000, 0x245800f0, 0x246a0000)
  to   space 1152K,   0% used [0x24460000, 0x24460000, 0x24580000)
 tenured generation   total 23860K, used 22798K [0x29040000, 0x2a78d000, 0x33af0000)
   the space 23860K,  95% used [0x29040000, 0x2a6838a8, 0x2a683a00, 0x2a78d000)
 compacting perm gen  total 12288K, used 3379K [0x33af0000, 0x346f0000, 0x37af0000)
   the space 12288K,  27% used [0x33af0000, 0x33e3ce40, 0x33e3d000, 0x346f0000)
    ro space 10240K,  42% used [0x37af0000, 0x37f31c28, 0x37f31e00, 0x384f0000)
    rw space 12288K,  54% used [0x384f0000, 0x38b72938, 0x38b72a00, 0x390f0000)
Event: 107.123 GC heap after
Heap after GC invocations=63 (full 2):
 def new generation   total 10816K, used 212K [0x23af0000, 0x246a0000, 0x29040000)
  eden space 9664K,   0% used [0x23af0000, 0x23af0000, 0x24460000)
  from space 1152K,  18% used [0x24460000, 0x24495140, 0x24580000)
  to   space 1152K,   0% used [0x24580000, 0x24580000, 0x246a0000)
 tenured generation   total 23860K, used 22798K [0x29040000, 0x2a78d000, 0x33af0000)
   the space 23860K,  95% used [0x29040000, 0x2a6838a8, 0x2a683a00, 0x2a78d000)
 compacting perm gen  total 12288K, used 3379K [0x33af0000, 0x346f0000, 0x37af0000)
   the space 12288K,  27% used [0x33af0000, 0x33e3ce40, 0x33e3d000, 0x346f0000)
    ro space 10240K,  42% used [0x37af0000, 0x37f31c28, 0x37f31e00, 0x384f0000)
    rw space 12288K,  54% used [0x384f0000, 0x38b72938, 0x38b72a00, 0x390f0000)
}
Event: 109.493 GC heap before
{Heap before GC invocations=63 (full 2):
 def new generation   total 10816K, used 9876K [0x23af0000, 0x246a0000, 0x29040000)
  eden space 9664K, 100% used [0x23af0000, 0x24460000, 0x24460000)
  from space 1152K,  18% used [0x24460000, 0x24495140, 0x24580000)
  to   space 1152K,   0% used [0x24580000, 0x24580000, 0x246a0000)
 tenured generation   total 23860K, used 22798K [0x29040000, 0x2a78d000, 0x33af0000)
   the space 23860K,  95% used [0x29040000, 0x2a6838a8, 0x2a683a00, 0x2a78d000)
 compacting perm gen  total 12288K, used 3379K [0x33af0000, 0x346f0000, 0x37af0000)
   the space 12288K,  27% used [0x33af0000, 0x33e3ce40, 0x33e3d000, 0x346f0000)
    ro space 10240K,  42% used [0x37af0000, 0x37f31c28, 0x37f31e00, 0x384f0000)
    rw space 12288K,  54% used [0x384f0000, 0x38b72938, 0x38b72a00, 0x390f0000)
Event: 109.495 GC heap after
Heap after GC invocations=64 (full 2):
 def new generation   total 10816K, used 699K [0x23af0000, 0x246a0000, 0x29040000)
  eden space 9664K,   0% used [0x23af0000, 0x23af0000, 0x24460000)
  from space 1152K,  60% used [0x24580000, 0x2462ee20, 0x246a0000)
  to   space 1152K,   0% used [0x24460000, 0x24460000, 0x24580000)
 tenured generation   total 23860K, used 22798K [0x29040000, 0x2a78d000, 0x33af0000)
   the space 23860K,  95% used [0x29040000, 0x2a6838a8, 0x2a683a00, 0x2a78d000)
 compacting perm gen  total 12288K, used 3379K [0x33af0000, 0x346f0000, 0x37af0000)
   the space 12288K,  27% used [0x33af0000, 0x33e3ce40, 0x33e3d000, 0x346f0000)
    ro space 10240K,  42% used [0x37af0000, 0x37f31c28, 0x37f31e00, 0x384f0000)
    rw space 12288K,  54% used [0x384f0000, 0x38b72938, 0x38b72a00, 0x390f0000)
}
Event: 111.995 GC heap before
{Heap before GC invocations=64 (full 2):
 def new generation   total 10816K, used 10363K [0x23af0000, 0x246a0000, 0x29040000)
  eden space 9664K, 100% used [0x23af0000, 0x24460000, 0x24460000)
  from space 1152K,  60% used [0x24580000, 0x2462ee20, 0x246a0000)
  to   space 1152K,   0% used [0x24460000, 0x24460000, 0x24580000)
 tenured generation   total 23860K, used 22798K [0x29040000, 0x2a78d000, 0x33af0000)
   the space 23860K,  95% used [0x29040000, 0x2a6838a8, 0x2a683a00, 0x2a78d000)
 compacting perm gen  total 12288K, used 3379K [0x33af0000, 0x346f0000, 0x37af0000)
   the space 12288K,  27% used [0x33af0000, 0x33e3cea0, 0x33e3d000, 0x346f0000)
    ro space 10240K,  42% used [0x37af0000, 0x37f31c28, 0x37f31e00, 0x384f0000)
    rw space 12288K,  54% used [0x384f0000, 0x38b72938, 0x38b72a00, 0x390f0000)
Event: 111.997 GC heap after
Heap after GC invocations=65 (full 2):
 def new generation   total 10816K, used 540K [0x23af0000, 0x246a0000, 0x29040000)
  eden space 9664K,   0% used [0x23af0000, 0x23af0000, 0x24460000)
  from space 1152K,  46% used [0x24460000, 0x244e7210, 0x24580000)
  to   space 1152K,   0% used [0x24580000, 0x24580000, 0x246a0000)
 tenured generation   total 23860K, used 22957K [0x29040000, 0x2a78d000, 0x33af0000)
   the space 23860K,  96% used [0x29040000, 0x2a6ab6c8, 0x2a6ab800, 0x2a78d000)
 compacting perm gen  total 12288K, used 3379K [0x33af0000, 0x346f0000, 0x37af0000)
   the space 12288K,  27% used [0x33af0000, 0x33e3cea0, 0x33e3d000, 0x346f0000)
    ro space 10240K,  42% used [0x37af0000, 0x37f31c28, 0x37f31e00, 0x384f0000)
    rw space 12288K,  54% used [0x384f0000, 0x38b72938, 0x38b72a00, 0x390f0000)
}
Event: 114.395 GC heap before
{Heap before GC invocations=65 (full 2):
 def new generation   total 10816K, used 10204K [0x23af0000, 0x246a0000, 0x29040000)
  eden space 9664K, 100% used [0x23af0000, 0x24460000, 0x24460000)
  from space 1152K,  46% used [0x24460000, 0x244e7210, 0x24580000)
  to   space 1152K,   0% used [0x24580000, 0x24580000, 0x246a0000)
 tenured generation   total 23860K, used 22957K [0x29040000, 0x2a78d000, 0x33af0000)
   the space 23860K,  96% used [0x29040000, 0x2a6ab6c8, 0x2a6ab800, 0x2a78d000)
 compacting perm gen  total 12288K, used 3379K [0x33af0000, 0x346f0000, 0x37af0000)
   the space 12288K,  27% used [0x33af0000, 0x33e3cea0, 0x33e3d000, 0x346f0000)
    ro space 10240K,  42% used [0x37af0000, 0x37f31c28, 0x37f31e00, 0x384f0000)
    rw space 12288K,  54% used [0x384f0000, 0x38b72938, 0x38b72a00, 0x390f0000)
Event: 114.397 GC heap after
Heap after GC invocations=66 (full 2):
 def new generation   total 10816K, used 540K [0x23af0000, 0x246a0000, 0x29040000)
  eden space 9664K,   0% used [0x23af0000, 0x23af0000, 0x24460000)
  from space 1152K,  46% used [0x24580000, 0x24607210, 0x246a0000)
  to   space 1152K,   0% used [0x24460000, 0x24460000, 0x24580000)
 tenured generation   total 23860K, used 22957K [0x29040000, 0x2a78d000, 0x33af0000)
   the space 23860K,  96% used [0x29040000, 0x2a6ab6c8, 0x2a6ab800, 0x2a78d000)
 compacting perm gen  total 12288K, used 3379K [0x33af0000, 0x346f0000, 0x37af0000)
   the space 12288K,  27% used [0x33af0000, 0x33e3cea0, 0x33e3d000, 0x346f0000)
    ro space 10240K,  42% used [0x37af0000, 0x37f31c28, 0x37f31e00, 0x384f0000)
    rw space 12288K,  54% used [0x384f0000, 0x38b72938, 0x38b72a00, 0x390f0000)
}

Deoptimization events (0 events):
No events

Internal exceptions (10 events):
Event: 20.572 Thread 0x04094000 Threw 0x2418fb78 at C:\jdk7u2_32P\jdk7u15\hotspot\src\share\vm\prims\jvm.cpp:1166
Event: 20.573 Thread 0x04094000 Threw 0x24192ee8 at C:\jdk7u2_32P\jdk7u15\hotspot\src\share\vm\prims\jvm.cpp:1166
Event: 20.573 Thread 0x04094000 Threw 0x24194328 at C:\jdk7u2_32P\jdk7u15\hotspot\src\share\vm\prims\jvm.cpp:1166
Event: 20.574 Thread 0x04094000 Threw 0x24195e08 at C:\jdk7u2_32P\jdk7u15\hotspot\src\share\vm\prims\jvm.cpp:1166
Event: 20.574 Thread 0x04094000 Threw 0x24197300 at C:\jdk7u2_32P\jdk7u15\hotspot\src\share\vm\prims\jvm.cpp:1166
Event: 20.585 Thread 0x04094000 Threw 0x241eb108 at C:\jdk7u2_32P\jdk7u15\hotspot\src\share\vm\prims\jvm.cpp:1166
Event: 24.877 Thread 0x04094000 Threw 0x242faa58 at C:\jdk7u2_32P\jdk7u15\hotspot\src\share\vm\prims\jvm.cpp:1166
Event: 24.881 Thread 0x04094000 Threw 0x242fe1a8 at C:\jdk7u2_32P\jdk7u15\hotspot\src\share\vm\prims\jvm.cpp:1166
Event: 73.238 Thread 0x04094000 Threw 0x23c64850 at C:\jdk7u2_32P\jdk7u15\hotspot\src\share\vm\prims\jvm.cpp:1166
Event: 73.241 Thread 0x04094000 Threw 0x23c68ec8 at C:\jdk7u2_32P\jdk7u15\hotspot\src\share\vm\prims\jvm.cpp:1166

Events (10 events):
Event: 109.496 Executing VM operation: GenCollectForAllocation done
Event: 111.994 Executing VM operation: GenCollectForAllocation
Event: 111.997 Executing VM operation: GenCollectForAllocation done
Event: 114.395 Executing VM operation: GenCollectForAllocation
Event: 114.397 Executing VM operation: GenCollectForAllocation done
Event: 116.176 Thread 0x07828000 Thread added: 0x07828000
Event: 116.176 Thread 0x07828c00 Thread added: 0x07828c00
Event: 116.176 Thread 0x07829400 Thread added: 0x07829400
Event: 116.177 Thread 0x04159c00 Thread exited: 0x04159c00
Event: 116.177 Thread 0x07828000 Thread exited: 0x07828000


Dynamic libraries:
0x012c0000 - 0x012ef000 	C:\Program Files\Java\jre7\bin\javaw.exe
0x774a0000 - 0x775dc000 	C:\windows\SYSTEM32\ntdll.dll
0x766c0000 - 0x76794000 	C:\windows\system32\kernel32.dll
0x75550000 - 0x7559b000 	C:\windows\system32\KERNELBASE.dll
0x76c10000 - 0x76cb0000 	C:\windows\system32\ADVAPI32.dll
0x77130000 - 0x771dc000 	C:\windows\system32\msvcrt.dll
0x776b0000 - 0x776c9000 	C:\windows\SYSTEM32\sechost.dll
0x771e0000 - 0x77282000 	C:\windows\system32\RPCRT4.dll
0x77060000 - 0x77129000 	C:\windows\system32\USER32.dll
0x76bc0000 - 0x76c0e000 	C:\windows\system32\GDI32.dll
0x77610000 - 0x7761a000 	C:\windows\system32\LPK.dll
0x76e00000 - 0x76e9d000 	C:\windows\system32\USP10.dll
0x740d0000 - 0x7426e000 	C:\windows\WinSxS\x86_microsoft.windows.common-controls_6595b64144ccf1df_6.0.7601.17514_none_41e6975e2bd6f2b2\COMCTL32.dll
0x757f0000 - 0x75847000 	C:\windows\system32\SHLWAPI.dll
0x757d0000 - 0x757ef000 	C:\windows\system32\IMM32.DLL
0x76d30000 - 0x76dfc000 	C:\windows\system32\MSCTF.dll
0x62e30000 - 0x62eee000 	C:\Program Files\Java\jre7\bin\msvcr100.dll
0x66750000 - 0x66a9c000 	C:\Program Files\Java\jre7\bin\client\jvm.dll
0x71620000 - 0x71627000 	C:\windows\system32\WSOCK32.dll
0x76b30000 - 0x76b65000 	C:\windows\system32\WS2_32.dll
0x77600000 - 0x77606000 	C:\windows\system32\NSI.dll
0x75280000 - 0x752b2000 	C:\windows\system32\WINMM.dll
0x775f0000 - 0x775f5000 	C:\windows\system32\PSAPI.DLL
0x6d3c0000 - 0x6d3cc000 	C:\Program Files\Java\jre7\bin\verify.dll
0x6cb30000 - 0x6cb50000 	C:\Program Files\Java\jre7\bin\java.dll
0x6cb10000 - 0x6cb23000 	C:\Program Files\Java\jre7\bin\zip.dll
0x62c20000 - 0x62d62000 	C:\Program Files\Java\jre7\bin\awt.dll
0x77620000 - 0x776af000 	C:\windows\system32\OLEAUT32.dll
0x767a0000 - 0x768fc000 	C:\windows\system32\ole32.dll
0x752e0000 - 0x752f3000 	C:\windows\system32\DWMAPI.DLL
0x73e60000 - 0x73ea0000 	C:\windows\system32\uxtheme.dll
0x10000000 - 0x10053000 	C:\ProgramData\Anti-phishing Domain Advisor\visicom_antiphishing.dll
0x74640000 - 0x74649000 	C:\windows\system32\VERSION.dll
0x75a70000 - 0x766ba000 	C:\windows\system32\SHELL32.dll
0x751a0000 - 0x751ab000 	C:\windows\system32\profapi.dll
0x75120000 - 0x7512c000 	C:\windows\system32\CRYPTBASE.dll
0x64ee0000 - 0x650a3000 	C:\windows\system32\d3d9.dll
0x6cff0000 - 0x6cff6000 	C:\windows\system32\d3d8thk.dll
0x6adb0000 - 0x6ae74000 	C:\windows\system32\aticfx32.dll
0x72da0000 - 0x72dab000 	C:\windows\system32\atiu9pag.dll
0x618f0000 - 0x61e9e000 	C:\windows\system32\atiumdag.dll
0x614e0000 - 0x618ec000 	C:\windows\system32\atiumdva.dll
0x6c3e0000 - 0x6c40a000 	C:\Program Files\Java\jre7\bin\fontmanager.dll
0x6caf0000 - 0x6cb04000 	C:\Program Files\Java\jre7\bin\net.dll
0x74bd0000 - 0x74c0c000 	C:\windows\system32\mswsock.dll
0x74bc0000 - 0x74bc6000 	C:\windows\System32\wship6.dll
0x6d3b0000 - 0x6d3be000 	C:\Program Files\Java\jre7\bin\nio.dll
0x6c390000 - 0x6c3c1000 	C:\Program Files\Java\jre7\bin\t2k.dll
0x75740000 - 0x757c3000 	C:\windows\system32\CLBCatQ.DLL
0x73250000 - 0x73380000 	C:\windows\system32\WindowsCodecs.dll
0x750d0000 - 0x7511c000 	C:\windows\system32\apphelp.dll
0x6af00000 - 0x6af12000 	C:\Program Files\Common Files\TortoiseOverlays\TortoiseOverlays.dll
0x6aee0000 - 0x6aef4000 	D:\Program Files\TortoiseSvn\bin\TortoiseStub32.dll
0x6ad40000 - 0x6adaf000 	D:\Program Files\TortoiseSvn\bin\TortoiseSVN32.dll
0x76ea0000 - 0x77058000 	C:\windows\system32\WININET.dll
0x75340000 - 0x75344000 	C:\windows\system32\api-ms-win-downlevel-user32-l1-1-0.dll
0x75330000 - 0x75335000 	C:\windows\system32\api-ms-win-downlevel-advapi32-l1-1-0.dll
0x75350000 - 0x75354000 	C:\windows\system32\api-ms-win-downlevel-shlwapi-l1-1-0.dll
0x752c0000 - 0x752c4000 	C:\windows\system32\api-ms-win-downlevel-version-l1-1-0.dll
0x752d0000 - 0x752d3000 	C:\windows\system32\api-ms-win-downlevel-normaliz-l1-1-0.dll
0x775e0000 - 0x775e3000 	C:\windows\system32\normaliz.DLL
0x76900000 - 0x76af8000 	C:\windows\system32\iertutil.dll
0x6a9d0000 - 0x6ad31000 	D:\Program Files\TortoiseSvn\bin\libsvn_tsvn32.dll
0x6aeb0000 - 0x6aed5000 	D:\Program Files\TortoiseSvn\bin\libapr_tsvn32.dll
0x6a8f0000 - 0x6a9c6000 	C:\windows\system32\MSVCR110.dll
0x6a8b0000 - 0x6a8e8000 	D:\Program Files\TortoiseSvn\bin\libaprutil_tsvn32.dll
0x76b70000 - 0x76bb5000 	C:\windows\system32\WLDAP32.dll
0x6aea0000 - 0x6aead000 	D:\Program Files\TortoiseSvn\bin\intl3_tsvn32.dll
0x6a890000 - 0x6a8a3000 	D:\Program Files\TortoiseSvn\bin\libsasl32.dll
0x75070000 - 0x75078000 	C:\windows\system32\Secur32.dll
0x750b0000 - 0x750cb000 	C:\windows\system32\SSPICLI.DLL
0x75430000 - 0x75550000 	C:\windows\system32\CRYPT32.dll
0x75210000 - 0x7521c000 	C:\windows\system32\MSASN1.dll
0x6a800000 - 0x6a885000 	C:\windows\system32\MSVCP110.dll
0x6a7c0000 - 0x6a7f1000 	C:\windows\system32\EhStorShell.dll
0x75850000 - 0x759ed000 	C:\windows\system32\SETUPAPI.dll
0x75220000 - 0x75247000 	C:\windows\system32\CFGMGR32.dll
0x75300000 - 0x75312000 	C:\windows\system32\DEVOBJ.dll
0x73ee0000 - 0x73fd5000 	C:\windows\system32\PROPSYS.dll
0x6a160000 - 0x6a1ca000 	C:\windows\System32\cscui.dll
0x6ae90000 - 0x6ae99000 	C:\windows\System32\CSCDLL.dll
0x6d1e0000 - 0x6d1eb000 	C:\windows\system32\CSCAPI.dll
0x6c360000 - 0x6c384000 	C:\Program Files\Java\jre7\bin\dcpr.dll
0x74c10000 - 0x74c26000 	C:\windows\system32\CRYPTSP.dll
0x749b0000 - 0x749eb000 	C:\windows\system32\rsaenh.dll
0x747f0000 - 0x74807000 	C:\windows\system32\USERENV.dll
0x739f0000 - 0x73a00000 	C:\windows\system32\NLAapi.dll
0x6d2e0000 - 0x6d2f0000 	C:\windows\system32\napinsp.dll
0x6d2c0000 - 0x6d2d2000 	C:\windows\system32\pnrpnsp.dll
0x74a90000 - 0x74ad4000 	C:\windows\system32\DNSAPI.dll
0x6d2b0000 - 0x6d2b8000 	C:\windows\System32\winrnr.dll
0x07230000 - 0x07263000 	C:\Program Files\YouKu\YoukuClient\ikutm.dll
0x74700000 - 0x74721000 	C:\windows\system32\ntmarta.dll
0x07280000 - 0x072b2000 	C:\Program Files\YouKu\YoukuClient\ikutmco.dll
0x746f0000 - 0x746f6000 	C:\windows\System32\wshqos.dll
0x746e0000 - 0x746e5000 	C:\windows\system32\wshtcpip.DLL
0x73770000 - 0x7378c000 	C:\windows\system32\IPHLPAPI.DLL
0x73760000 - 0x73767000 	C:\windows\system32\WINNSI.DLL
0x70e70000 - 0x70e76000 	C:\windows\system32\rasadhlp.dll
0x73410000 - 0x73448000 	C:\windows\System32\fwpuclnt.dll
0x73390000 - 0x73396000 	C:\Program Files\Java\jre7\bin\rmi.dll
0x61180000 - 0x614d2000 	C:\windows\system32\GOOGLEPINYIN2.IME
0x75400000 - 0x7542e000 	C:\windows\system32\WINTRUST.dll
0x714b0000 - 0x714b5000 	C:\windows\system32\MSIMG32.dll
0x73cd0000 - 0x73e60000 	C:\windows\WinSxS\x86_microsoft.windows.gdiplus_6595b64144ccf1df_1.1.7601.18120_none_72d2e82386681b36\gdiplus.dll
0x72480000 - 0x7256b000 	C:\windows\system32\dbghelp.dll
0x71cb0000 - 0x71de3000 	C:\windows\System32\msxml3.dll

VM Arguments:
jvm_args: -Dfile.encoding=GBK 
java_command: presentation.UserLogin
Launcher Type: SUN_STANDARD

Environment Variables:
JAVA_HOME=C:\Program Files\Java\jdk1.7.0_15
CLASSPATH=.;C:\Program Files\Java\jdk1.7.0_15\lib;C:\Program Files\Java\jdk1.7.0_15\lib\dt.jar;C:\Program Files\Java\jdk1.7.0_15\lib\tools.jar;
PATH=C:/Program Files/Java/jre7/bin/client;C:/Program Files/Java/jre7/bin;C:/Program Files/Java/jre7/lib/i386;C:\Program Files\NVIDIA Corporation\PhysX\Common;C:\windows\system32;C:\windows;C:\windows\System32\Wbem;C:\windows\System32\WindowsPowerShell\v1.0\;C:\Program Files\ATI Technologies\ATI.ACE\Core-Static;C:\Program Files\Microsoft SQL Server\80\Tools\BINN;D:\Program Files\TortoiseSvn\bin;C:\MinGW\bin;C:\Program Files\Java\jdk1.7.0_15\bin;;E:\Èí¼þ¹¤³Ì\eclipse-SDK-3.7-win32\eclipse;
USERNAME=Administrator
OS=Windows_NT
PROCESSOR_IDENTIFIER=x86 Family 6 Model 42 Stepping 7, GenuineIntel



---------------  S Y S T E M  ---------------

OS: Windows 7 Build 7601 Service Pack 1

CPU:total 4 (2 cores per cpu, 2 threads per core) family 6 model 42 stepping 7, cmov, cx8, fxsr, mmx, sse, sse2, sse3, ssse3, sse4.1, sse4.2, popcnt, avx, ht, tsc, tscinvbit

Memory: 4k page, physical 2072716k(815088k free), swap 4145432k(2383532k free)

vm_info: Java HotSpot(TM) Client VM (23.7-b01) for windows-x86 JRE (1.7.0_15-b03), built on Feb 15 2013 14:01:25 by "java_re" with unknown MS VC++:1600

time: Thu Dec 26 16:17:07 2013
elapsed time: 116 seconds

