#
# A fatal error has been detected by the Java Runtime Environment:
#
#  EXCEPTION_ACCESS_VIOLATION (0xc0000005) at pc=0x5c417f17, pid=7520, tid=6952
#
# JRE version: 7.0_15-b03
# Java VM: Java HotSpot(TM) Client VM (23.7-b01 mixed mode, sharing windows-x86 )
# Problematic frame:
# C  [GOOGLEPINYIN2.IME+0xa7f17]  DllRegisterServer+0x43d47
#
# Failed to write core dump. Minidumps are not enabled by default on client versions of Windows
#
# If you would like to submit a bug report, please visit:
#   http://bugreport.sun.com/bugreport/crash.jsp
# The crash happened outside the Java Virtual Machine in native code.
# See problematic frame for where to report the bug.
#

---------------  T H R E A D  ---------------

Current thread (0x04084c00):  JavaThread "AWT-Windows" daemon [_thread_in_native, id=6952, stack(0x044a0000,0x044f0000)]

siginfo: ExceptionCode=0xc0000005, reading address 0x00000004

Registers:
EAX=0x0ab664d8, EBX=0x0eabf430, ECX=0x00000000, EDX=0x00000002
ESP=0x044ef1c8, EBP=0x044ef200, ESI=0x0ab664d8, EDI=0x00000002
EIP=0x5c417f17, EFLAGS=0x00010246

Top of Stack: (sp=0x044ef1c8)
0x044ef1c8:   00000001 5c4156ba 002e04e8 0ab664d8
0x044ef1d8:   00000111 00000002 002e04e8 5c415c72
0x044ef1e8:   0ab664d8 044ef200 044ef27c 00000111
0x044ef1f8:   044ef22c 00000000 00000000 768dc4e7
0x044ef208:   002e04e8 00000111 00000002 002e04e8
0x044ef218:   00000111 dcbaabcd 00000000 044ef27c
0x044ef228:   00000111 044ef2a4 768dc5e7 5c415c20
0x044ef238:   002e04e8 00000111 00000002 002e04e8 

Instructions: (pc=0x5c417f17)
0x5c417ef7:   d8 83 e8 01 83 c4 0c c3 83 c8 ff 83 c4 0c c3 cc
0x5c417f07:   cc cc cc cc cc cc cc cc cc 53 8b 58 04 8b 4b 50
0x5c417f17:   8b 49 04 56 57 52 e8 5e 96 ff ff 85 c0 74 29 8b
0x5c417f27:   70 1c 85 f6 74 22 83 78 18 10 72 05 8b 40 04 eb 


Register to memory mapping:

EAX=0x0ab664d8 is an unknown value
EBX=0x0eabf430 is an unknown value
ECX=0x00000000 is an unknown value
EDX=0x00000002 is an unknown value
ESP=0x044ef1c8 is pointing into the stack for thread: 0x04084c00
EBP=0x044ef200 is pointing into the stack for thread: 0x04084c00
ESI=0x0ab664d8 is an unknown value
EDI=0x00000002 is an unknown value


Stack: [0x044a0000,0x044f0000],  sp=0x044ef1c8,  free space=316k
Native frames: (J=compiled Java code, j=interpreted, Vv=VM code, C=native code)
C  [GOOGLEPINYIN2.IME+0xa7f17]  DllRegisterServer+0x43d47

Java frames: (J=compiled Java code, j=interpreted, Vv=VM code)
j  sun.awt.windows.WToolkit.eventLoop()V+0
j  sun.awt.windows.WToolkit.run()V+49
j  java.lang.Thread.run()V+11
v  ~StubRoutines::call_stub

---------------  P R O C E S S  ---------------

Java Threads: ( => current thread )
  0x07754c00 JavaThread "Thread-0" daemon [_thread_in_native, id=7960, stack(0x114d0000,0x11520000)]
  0x07754000 JavaThread "Image Animator 3" daemon [_thread_blocked, id=4248, stack(0x093f0000,0x09440000)]
  0x04054800 JavaThread "GC Daemon" daemon [_thread_blocked, id=7356, stack(0x0a060000,0x0a0b0000)]
  0x04054000 JavaThread "RMI RenewClean-[192.168.168.1:62587]" daemon [_thread_blocked, id=3608, stack(0x0a500000,0x0a550000)]
  0x04050c00 JavaThread "RMI Scheduler(0)" daemon [_thread_blocked, id=5728, stack(0x0a2c0000,0x0a310000)]
  0x0770d400 JavaThread "TimerQueue" daemon [_thread_blocked, id=7452, stack(0x0a010000,0x0a060000)]
  0x0082b400 JavaThread "DestroyJavaVM" [_thread_blocked, id=1464, stack(0x006f0000,0x00740000)]
  0x0410d400 JavaThread "AWT-EventQueue-0" [_thread_blocked, id=7056, stack(0x04870000,0x048c0000)]
=>0x04084c00 JavaThread "AWT-Windows" daemon [_thread_in_native, id=6952, stack(0x044a0000,0x044f0000)]
  0x04084400 JavaThread "AWT-Shutdown" [_thread_blocked, id=4224, stack(0x04270000,0x042c0000)]
  0x04081800 JavaThread "Java2D Disposer" daemon [_thread_blocked, id=6420, stack(0x04380000,0x043d0000)]
  0x01c9d800 JavaThread "Service Thread" daemon [_thread_blocked, id=1652, stack(0x03de0000,0x03e30000)]
  0x01c99400 JavaThread "C1 CompilerThread0" daemon [_thread_blocked, id=3340, stack(0x00840000,0x00890000)]
  0x01c98000 JavaThread "Attach Listener" daemon [_thread_blocked, id=7704, stack(0x03fa0000,0x03ff0000)]
  0x01c95000 JavaThread "Signal Dispatcher" daemon [_thread_blocked, id=6276, stack(0x03e90000,0x03ee0000)]
  0x01c73800 JavaThread "Finalizer" daemon [_thread_blocked, id=164, stack(0x03ef0000,0x03f40000)]
  0x01c72000 JavaThread "Reference Handler" daemon [_thread_blocked, id=4968, stack(0x03e30000,0x03e80000)]

Other Threads:
  0x01c70400 VMThread [stack: 0x03d20000,0x03d70000] [id=2616]
  0x04000c00 WatcherThread [stack: 0x04330000,0x04380000] [id=2332]

VM state:not at safepoint (normal execution)

VM Mutex/Monitor currently owned by a thread: None

Heap
 def new generation   total 12096K, used 7095K [0x23af0000, 0x24810000, 0x29040000)
  eden space 10752K,  61% used [0x23af0000, 0x241714b8, 0x24570000)
  from space 1344K,  32% used [0x24570000, 0x245dc948, 0x246c0000)
  to   space 1344K,   0% used [0x246c0000, 0x246c0000, 0x24810000)
 tenured generation   total 26740K, used 19575K [0x29040000, 0x2aa5d000, 0x33af0000)
   the space 26740K,  73% used [0x29040000, 0x2a35dc28, 0x2a35de00, 0x2aa5d000)
 compacting perm gen  total 12288K, used 3394K [0x33af0000, 0x346f0000, 0x37af0000)
   the space 12288K,  27% used [0x33af0000, 0x33e409b0, 0x33e40a00, 0x346f0000)
    ro space 10240K,  42% used [0x37af0000, 0x37f31c28, 0x37f31e00, 0x384f0000)
    rw space 12288K,  54% used [0x384f0000, 0x38b72938, 0x38b72a00, 0x390f0000)

Card table byte_map: [0x00740000,0x007f0000] byte_map_base: 0x00622880

Polling page: 0x00120000

Code Cache  [0x01cc0000, 0x01fa0000, 0x03cc0000)
 total_blobs=1883 nmethods=1622 adapters=193 free_code_cache=29842Kb largest_free_block=30557184

Compilation events (10 events):
Event: 195.364 Thread 0x01c99400 1634   !         javax.swing.RepaintManager::scheduleHeavyWeightPaints (193 bytes)
Event: 195.366 Thread 0x01c99400 nmethod 1634 0x01f98fc8 code [0x01f99170, 0x01f9972c]
Event: 196.205 Thread 0x01c99400 1635             java.util.GregorianCalendar::getWeekNumber (93 bytes)
Event: 196.206 Thread 0x01c99400 nmethod 1635 0x01f99b08 code [0x01f99c10, 0x01f99f00]
Event: 196.564 Thread 0x01c99400 1636   !         javax.swing.RepaintManager::prePaintDirtyRegions (91 bytes)
Event: 196.565 Thread 0x01c99400 nmethod 1636 0x01f9a148 code [0x01f9a2b0, 0x01f9a5e4]
Event: 197.307 Thread 0x01c99400 1637   !         java.awt.Toolkit::removeAWTEventListener (183 bytes)
Event: 197.309 Thread 0x01c99400 nmethod 1637 0x01f9a788 code [0x01f9a920, 0x01f9af4c]
Event: 197.484 Thread 0x01c99400 1638   !         javax.swing.RepaintManager::paintDirtyRegions (50 bytes)
Event: 197.485 Thread 0x01c99400 nmethod 1638 0x01f9b7c8 code [0x01f9b8e0, 0x01f9bb28]

GC Heap History (10 events):
Event: 15.185 GC heap before
{Heap before GC invocations=20 (full 1):
 def new generation   total 6400K, used 6400K [0x23af0000, 0x241e0000, 0x29040000)
  eden space 5696K, 100% used [0x23af0000, 0x24080000, 0x24080000)
  from space 704K, 100% used [0x24080000, 0x24130000, 0x24130000)
  to   space 704K,   0% used [0x24130000, 0x24130000, 0x241e0000)
 tenured generation   total 18348K, used 18321K [0x29040000, 0x2a22b000, 0x33af0000)
   the space 18348K,  99% used [0x29040000, 0x2a224728, 0x2a224800, 0x2a22b000)
 compacting perm gen  total 12288K, used 3067K [0x33af0000, 0x346f0000, 0x37af0000)
   the space 12288K,  24% used [0x33af0000, 0x33deee58, 0x33def000, 0x346f0000)
    ro space 10240K,  42% used [0x37af0000, 0x37f31c28, 0x37f31e00, 0x384f0000)
    rw space 12288K,  54% used [0x384f0000, 0x38b72938, 0x38b72a00, 0x390f0000)
Event: 15.292 GC heap after
Heap after GC invocations=21 (full 2):
 def new generation   total 12096K, used 0K [0x23af0000, 0x24810000, 0x29040000)
  eden space 10752K,   0% used [0x23af0000, 0x23af0000, 0x24570000)
  from space 1344K,   0% used [0x24570000, 0x24570000, 0x246c0000)
  to   space 1344K,   0% used [0x246c0000, 0x246c0000, 0x24810000)
 tenured generation   total 26740K, used 16041K [0x29040000, 0x2aa5d000, 0x33af0000)
   the space 26740K,  59% used [0x29040000, 0x29fea748, 0x29fea800, 0x2aa5d000)
 compacting perm gen  total 12288K, used 3067K [0x33af0000, 0x346f0000, 0x37af0000)
   the space 12288K,  24% used [0x33af0000, 0x33deee58, 0x33def000, 0x346f0000)
    ro space 10240K,  42% used [0x37af0000, 0x37f31c28, 0x37f31e00, 0x384f0000)
    rw space 12288K,  54% used [0x384f0000, 0x38b72938, 0x38b72a00, 0x390f0000)
}
Event: 40.646 GC heap before
{Heap before GC invocations=21 (full 2):
 def new generation   total 12096K, used 10744K [0x23af0000, 0x24810000, 0x29040000)
  eden space 10752K,  99% used [0x23af0000, 0x2456e020, 0x24570000)
  from space 1344K,   0% used [0x24570000, 0x24570000, 0x246c0000)
  to   space 1344K,   0% used [0x246c0000, 0x246c0000, 0x24810000)
 tenured generation   total 26740K, used 16041K [0x29040000, 0x2aa5d000, 0x33af0000)
   the space 26740K,  59% used [0x29040000, 0x29fea748, 0x29fea800, 0x2aa5d000)
 compacting perm gen  total 12288K, used 3386K [0x33af0000, 0x346f0000, 0x37af0000)
   the space 12288K,  27% used [0x33af0000, 0x33e3eb80, 0x33e3ec00, 0x346f0000)
    ro space 10240K,  42% used [0x37af0000, 0x37f31c28, 0x37f31e00, 0x384f0000)
    rw space 12288K,  54% used [0x384f0000, 0x38b72938, 0x38b72a00, 0x390f0000)
Event: 40.653 GC heap after
Heap after GC invocations=22 (full 2):
 def new generation   total 12096K, used 227K [0x23af0000, 0x24810000, 0x29040000)
  eden space 10752K,   0% used [0x23af0000, 0x23af0000, 0x24570000)
  from space 1344K,  16% used [0x246c0000, 0x246f8fd8, 0x24810000)
  to   space 1344K,   0% used [0x24570000, 0x24570000, 0x246c0000)
 tenured generation   total 26740K, used 19575K [0x29040000, 0x2aa5d000, 0x33af0000)
   the space 26740K,  73% used [0x29040000, 0x2a35dc28, 0x2a35de00, 0x2aa5d000)
 compacting perm gen  total 12288K, used 3386K [0x33af0000, 0x346f0000, 0x37af0000)
   the space 12288K,  27% used [0x33af0000, 0x33e3eb80, 0x33e3ec00, 0x346f0000)
    ro space 10240K,  42% used [0x37af0000, 0x37f31c28, 0x37f31e00, 0x384f0000)
    rw space 12288K,  54% used [0x384f0000, 0x38b72938, 0x38b72a00, 0x390f0000)
}
Event: 64.953 GC heap before
{Heap before GC invocations=22 (full 2):
 def new generation   total 12096K, used 10979K [0x23af0000, 0x24810000, 0x29040000)
  eden space 10752K, 100% used [0x23af0000, 0x24570000, 0x24570000)
  from space 1344K,  16% used [0x246c0000, 0x246f8fd8, 0x24810000)
  to   space 1344K,   0% used [0x24570000, 0x24570000, 0x246c0000)
 tenured generation   total 26740K, used 19575K [0x29040000, 0x2aa5d000, 0x33af0000)
   the space 26740K,  73% used [0x29040000, 0x2a35dc28, 0x2a35de00, 0x2aa5d000)
 compacting perm gen  total 12288K, used 3389K [0x33af0000, 0x346f0000, 0x37af0000)
   the space 12288K,  27% used [0x33af0000, 0x33e3f4c8, 0x33e3f600, 0x346f0000)
    ro space 10240K,  42% used [0x37af0000, 0x37f31c28, 0x37f31e00, 0x384f0000)
    rw space 12288K,  54% used [0x384f0000, 0x38b72938, 0x38b72a00, 0x390f0000)
Event: 64.958 GC heap after
Heap after GC invocations=23 (full 2):
 def new generation   total 12096K, used 420K [0x23af0000, 0x24810000, 0x29040000)
  eden space 10752K,   0% used [0x23af0000, 0x23af0000, 0x24570000)
  from space 1344K,  31% used [0x24570000, 0x245d9370, 0x246c0000)
  to   space 1344K,   0% used [0x246c0000, 0x246c0000, 0x24810000)
 tenured generation   total 26740K, used 19575K [0x29040000, 0x2aa5d000, 0x33af0000)
   the space 26740K,  73% used [0x29040000, 0x2a35dc28, 0x2a35de00, 0x2aa5d000)
 compacting perm gen  total 12288K, used 3389K [0x33af0000, 0x346f0000, 0x37af0000)
   the space 12288K,  27% used [0x33af0000, 0x33e3f4c8, 0x33e3f600, 0x346f0000)
    ro space 10240K,  42% used [0x37af0000, 0x37f31c28, 0x37f31e00, 0x384f0000)
    rw space 12288K,  54% used [0x384f0000, 0x38b72938, 0x38b72a00, 0x390f0000)
}
Event: 100.693 GC heap before
{Heap before GC invocations=23 (full 2):
 def new generation   total 12096K, used 11172K [0x23af0000, 0x24810000, 0x29040000)
  eden space 10752K, 100% used [0x23af0000, 0x24570000, 0x24570000)
  from space 1344K,  31% used [0x24570000, 0x245d9370, 0x246c0000)
  to   space 1344K,   0% used [0x246c0000, 0x246c0000, 0x24810000)
 tenured generation   total 26740K, used 19575K [0x29040000, 0x2aa5d000, 0x33af0000)
   the space 26740K,  73% used [0x29040000, 0x2a35dc28, 0x2a35de00, 0x2aa5d000)
 compacting perm gen  total 12288K, used 3394K [0x33af0000, 0x346f0000, 0x37af0000)
   the space 12288K,  27% used [0x33af0000, 0x33e40840, 0x33e40a00, 0x346f0000)
    ro space 10240K,  42% used [0x37af0000, 0x37f31c28, 0x37f31e00, 0x384f0000)
    rw space 12288K,  54% used [0x384f0000, 0x38b72938, 0x38b72a00, 0x390f0000)
Event: 100.698 GC heap after
Heap after GC invocations=24 (full 2):
 def new generation   total 12096K, used 645K [0x23af0000, 0x24810000, 0x29040000)
  eden space 10752K,   0% used [0x23af0000, 0x23af0000, 0x24570000)
  from space 1344K,  47% used [0x246c0000, 0x24761430, 0x24810000)
  to   space 1344K,   0% used [0x24570000, 0x24570000, 0x246c0000)
 tenured generation   total 26740K, used 19575K [0x29040000, 0x2aa5d000, 0x33af0000)
   the space 26740K,  73% used [0x29040000, 0x2a35dc28, 0x2a35de00, 0x2aa5d000)
 compacting perm gen  total 12288K, used 3394K [0x33af0000, 0x346f0000, 0x37af0000)
   the space 12288K,  27% used [0x33af0000, 0x33e40840, 0x33e40a00, 0x346f0000)
    ro space 10240K,  42% used [0x37af0000, 0x37f31c28, 0x37f31e00, 0x384f0000)
    rw space 12288K,  54% used [0x384f0000, 0x38b72938, 0x38b72a00, 0x390f0000)
}
Event: 151.092 GC heap before
{Heap before GC invocations=24 (full 2):
 def new generation   total 12096K, used 11397K [0x23af0000, 0x24810000, 0x29040000)
  eden space 10752K, 100% used [0x23af0000, 0x24570000, 0x24570000)
  from space 1344K,  47% used [0x246c0000, 0x24761430, 0x24810000)
  to   space 1344K,   0% used [0x24570000, 0x24570000, 0x246c0000)
 tenured generation   total 26740K, used 19575K [0x29040000, 0x2aa5d000, 0x33af0000)
   the space 26740K,  73% used [0x29040000, 0x2a35dc28, 0x2a35de00, 0x2aa5d000)
 compacting perm gen  total 12288K, used 3394K [0x33af0000, 0x346f0000, 0x37af0000)
   the space 12288K,  27% used [0x33af0000, 0x33e40950, 0x33e40a00, 0x346f0000)
    ro space 10240K,  42% used [0x37af0000, 0x37f31c28, 0x37f31e00, 0x384f0000)
    rw space 12288K,  54% used [0x384f0000, 0x38b72938, 0x38b72a00, 0x390f0000)
Event: 151.097 GC heap after
Heap after GC invocations=25 (full 2):
 def new generation   total 12096K, used 434K [0x23af0000, 0x24810000, 0x29040000)
  eden space 10752K,   0% used [0x23af0000, 0x23af0000, 0x24570000)
  from space 1344K,  32% used [0x24570000, 0x245dc948, 0x246c0000)
  to   space 1344K,   0% used [0x246c0000, 0x246c0000, 0x24810000)
 tenured generation   total 26740K, used 19575K [0x29040000, 0x2aa5d000, 0x33af0000)
   the space 26740K,  73% used [0x29040000, 0x2a35dc28, 0x2a35de00, 0x2aa5d000)
 compacting perm gen  total 12288K, used 3394K [0x33af0000, 0x346f0000, 0x37af0000)
   the space 12288K,  27% used [0x33af0000, 0x33e40950, 0x33e40a00, 0x346f0000)
    ro space 10240K,  42% used [0x37af0000, 0x37f31c28, 0x37f31e00, 0x384f0000)
    rw space 12288K,  54% used [0x384f0000, 0x38b72938, 0x38b72a00, 0x390f0000)
}

Deoptimization events (0 events):
No events

Internal exceptions (10 events):
Event: 15.357 Thread 0x040ff400 Threw 0x23b589c0 at C:\jdk7u2_32P\jdk7u15\hotspot\src\share\vm\prims\jvm.cpp:2846
Event: 30.096 Thread 0x0410d400 Threw 0x23efd7f8 at C:\jdk7u2_32P\jdk7u15\hotspot\src\share\vm\prims\jvm.cpp:1166
Event: 30.096 Thread 0x0410d400 Threw 0x23efea30 at C:\jdk7u2_32P\jdk7u15\hotspot\src\share\vm\prims\jvm.cpp:1166
Event: 30.099 Thread 0x0410d400 Threw 0x23f029d0 at C:\jdk7u2_32P\jdk7u15\hotspot\src\share\vm\prims\jvm.cpp:1166
Event: 30.100 Thread 0x0410d400 Threw 0x23f03c58 at C:\jdk7u2_32P\jdk7u15\hotspot\src\share\vm\prims\jvm.cpp:1166
Event: 30.100 Thread 0x0410d400 Threw 0x23f05978 at C:\jdk7u2_32P\jdk7u15\hotspot\src\share\vm\prims\jvm.cpp:1166
Event: 30.101 Thread 0x0410d400 Threw 0x23f06c30 at C:\jdk7u2_32P\jdk7u15\hotspot\src\share\vm\prims\jvm.cpp:1166
Event: 30.101 Thread 0x0410d400 Threw 0x23f08a30 at C:\jdk7u2_32P\jdk7u15\hotspot\src\share\vm\prims\jvm.cpp:1166
Event: 30.102 Thread 0x0410d400 Threw 0x23f09d38 at C:\jdk7u2_32P\jdk7u15\hotspot\src\share\vm\prims\jvm.cpp:1166
Event: 65.084 Thread 0x0410d400 Threw 0x23af1da0 at C:\jdk7u2_32P\jdk7u15\hotspot\src\share\vm\prims\jvm.cpp:1166

Events (10 events):
Event: 166.363 Executing VM operation: RevokeBias
Event: 166.363 Executing VM operation: RevokeBias done
Event: 166.363 Executing VM operation: RevokeBias
Event: 166.363 Executing VM operation: RevokeBias done
Event: 199.973 Thread 0x07754400 Thread added: 0x07754400
Event: 199.973 Thread 0x07754c00 Thread added: 0x07754c00
Event: 199.973 Thread 0x07755400 Thread added: 0x07755400
Event: 199.974 Thread 0x07754400 Thread exited: 0x07754400
Event: 199.974 Thread 0x07755400 Thread exited: 0x07755400
Event: 199.975 Thread 0x041d5000 Thread exited: 0x041d5000


Dynamic libraries:
0x008c0000 - 0x008ef000 	C:\Program Files\Java\jre7\bin\javaw.exe
0x76ff0000 - 0x7712c000 	C:\windows\SYSTEM32\ntdll.dll
0x75450000 - 0x75524000 	C:\windows\system32\kernel32.dll
0x75030000 - 0x7507b000 	C:\windows\system32\KERNELBASE.dll
0x757f0000 - 0x75890000 	C:\windows\system32\ADVAPI32.dll
0x76af0000 - 0x76b9c000 	C:\windows\system32\msvcrt.dll
0x764e0000 - 0x764f9000 	C:\windows\SYSTEM32\sechost.dll
0x75610000 - 0x756b2000 	C:\windows\system32\RPCRT4.dll
0x768c0000 - 0x76989000 	C:\windows\system32\USER32.dll
0x756c0000 - 0x7570e000 	C:\windows\system32\GDI32.dll
0x77140000 - 0x7714a000 	C:\windows\system32\LPK.dll
0x75570000 - 0x7560d000 	C:\windows\system32\USP10.dll
0x73c20000 - 0x73dbe000 	C:\windows\WinSxS\x86_microsoft.windows.common-controls_6595b64144ccf1df_6.0.7601.17514_none_41e6975e2bd6f2b2\COMCTL32.dll
0x76500000 - 0x76557000 	C:\windows\system32\SHLWAPI.dll
0x77150000 - 0x7716f000 	C:\windows\system32\IMM32.DLL
0x75710000 - 0x757dc000 	C:\windows\system32\MSCTF.dll
0x70b10000 - 0x70bce000 	C:\Program Files\Java\jre7\bin\msvcr100.dll
0x62eb0000 - 0x631fc000 	C:\Program Files\Java\jre7\bin\client\jvm.dll
0x6f500000 - 0x6f507000 	C:\windows\system32\WSOCK32.dll
0x75530000 - 0x75565000 	C:\windows\system32\WS2_32.dll
0x757e0000 - 0x757e6000 	C:\windows\system32\NSI.dll
0x74fd0000 - 0x75002000 	C:\windows\system32\WINMM.dll
0x76560000 - 0x76565000 	C:\windows\system32\PSAPI.DLL
0x72410000 - 0x7241c000 	C:\Program Files\Java\jre7\bin\verify.dll
0x70d50000 - 0x70d70000 	C:\Program Files\Java\jre7\bin\java.dll
0x70ac0000 - 0x70ad3000 	C:\Program Files\Java\jre7\bin\zip.dll
0x639b0000 - 0x63af2000 	C:\Program Files\Java\jre7\bin\awt.dll
0x76f60000 - 0x76fef000 	C:\windows\system32\OLEAUT32.dll
0x76990000 - 0x76aec000 	C:\windows\system32\ole32.dll
0x75080000 - 0x75093000 	C:\windows\system32\DWMAPI.DLL
0x739e0000 - 0x73a20000 	C:\windows\system32\uxtheme.dll
0x10000000 - 0x10073000 	d:\program files\kingsoft antivirus\kwsui.dll
0x75890000 - 0x764da000 	C:\windows\system32\SHELL32.dll
0x74220000 - 0x7422d000 	C:\windows\system32\WTSAPI32.dll
0x74190000 - 0x74199000 	C:\windows\system32\VERSION.dll
0x03cc0000 - 0x03d13000 	C:\ProgramData\Anti-phishing Domain Advisor\visicom_antiphishing.dll
0x74cf0000 - 0x74cfb000 	C:\windows\system32\profapi.dll
0x74c40000 - 0x74c4c000 	C:\windows\system32\CRYPTBASE.dll
0x03d70000 - 0x03dc3000 	d:\program files\kingsoft antivirus\lblocker.dll
0x65ba0000 - 0x65d63000 	C:\windows\system32\d3d9.dll
0x72cb0000 - 0x72cb6000 	C:\windows\system32\d3d8thk.dll
0x69260000 - 0x69324000 	C:\windows\system32\aticfx32.dll
0x72ca0000 - 0x72cab000 	C:\windows\system32\atiu9pag.dll
0x624a0000 - 0x62a4e000 	C:\windows\system32\atiumdag.dll
0x63b00000 - 0x63f0c000 	C:\windows\system32\atiumdva.dll
0x72cf0000 - 0x72d1a000 	C:\Program Files\Java\jre7\bin\fontmanager.dll
0x70aa0000 - 0x70ab4000 	C:\Program Files\Java\jre7\bin\net.dll
0x74720000 - 0x7475c000 	C:\windows\system32\mswsock.dll
0x74710000 - 0x74716000 	C:\windows\System32\wship6.dll
0x71230000 - 0x7123e000 	C:\Program Files\Java\jre7\bin\nio.dll
0x72060000 - 0x72091000 	C:\Program Files\Java\jre7\bin\t2k.dll
0x76ed0000 - 0x76f53000 	C:\windows\system32\CLBCatQ.DLL
0x73510000 - 0x73640000 	C:\windows\system32\WindowsCodecs.dll
0x74bf0000 - 0x74c3c000 	C:\windows\system32\apphelp.dll
0x6bc60000 - 0x6bc72000 	C:\Program Files\Common Files\TortoiseOverlays\TortoiseOverlays.dll
0x6bc40000 - 0x6bc54000 	D:\Program Files\TortoiseSvn\bin\TortoiseStub32.dll
0x6bbd0000 - 0x6bc3f000 	D:\Program Files\TortoiseSvn\bin\TortoiseSVN32.dll
0x76ba0000 - 0x76d58000 	C:\windows\system32\WININET.dll
0x75020000 - 0x75024000 	C:\windows\system32\api-ms-win-downlevel-user32-l1-1-0.dll
0x74e00000 - 0x74e05000 	C:\windows\system32\api-ms-win-downlevel-advapi32-l1-1-0.dll
0x74f90000 - 0x74f94000 	C:\windows\system32\api-ms-win-downlevel-shlwapi-l1-1-0.dll
0x74e20000 - 0x74e24000 	C:\windows\system32\api-ms-win-downlevel-version-l1-1-0.dll
0x74e30000 - 0x74e33000 	C:\windows\system32\api-ms-win-downlevel-normaliz-l1-1-0.dll
0x77130000 - 0x77133000 	C:\windows\system32\normaliz.DLL
0x76570000 - 0x76768000 	C:\windows\system32\iertutil.dll
0x6b830000 - 0x6bb91000 	D:\Program Files\TortoiseSvn\bin\libsvn_tsvn32.dll
0x6b730000 - 0x6b755000 	D:\Program Files\TortoiseSvn\bin\libapr_tsvn32.dll
0x6b650000 - 0x6b726000 	C:\windows\system32\MSVCR110.dll
0x6b610000 - 0x6b648000 	D:\Program Files\TortoiseSvn\bin\libaprutil_tsvn32.dll
0x76d60000 - 0x76da5000 	C:\windows\system32\WLDAP32.dll
0x6b600000 - 0x6b60d000 	D:\Program Files\TortoiseSvn\bin\intl3_tsvn32.dll
0x6b5e0000 - 0x6b5f3000 	D:\Program Files\TortoiseSvn\bin\libsasl32.dll
0x74a80000 - 0x74a88000 	C:\windows\system32\Secur32.dll
0x74bd0000 - 0x74beb000 	C:\windows\system32\SSPICLI.DLL
0x74e40000 - 0x74f60000 	C:\windows\system32\CRYPT32.dll
0x74d60000 - 0x74d6c000 	C:\windows\system32\MSASN1.dll
0x6b550000 - 0x6b5d5000 	C:\windows\system32\MSVCP110.dll
0x6b4a0000 - 0x6b4d1000 	C:\windows\system32\EhStorShell.dll
0x750f0000 - 0x7528d000 	C:\windows\system32\SETUPAPI.dll
0x750a0000 - 0x750c7000 	C:\windows\system32\CFGMGR32.dll
0x750d0000 - 0x750e2000 	C:\windows\system32\DEVOBJ.dll
0x73ae0000 - 0x73bd5000 	C:\windows\system32\PROPSYS.dll
0x6b430000 - 0x6b49a000 	C:\windows\System32\cscui.dll
0x6b420000 - 0x6b429000 	C:\windows\System32\CSCDLL.dll
0x6cae0000 - 0x6caeb000 	C:\windows\system32\CSCAPI.dll
0x710c0000 - 0x710e4000 	C:\Program Files\Java\jre7\bin\dcpr.dll
0x74760000 - 0x74776000 	C:\windows\system32\CRYPTSP.dll
0x74500000 - 0x7453b000 	C:\windows\system32\rsaenh.dll
0x74340000 - 0x74357000 	C:\windows\system32\USERENV.dll
0x731a0000 - 0x731b0000 	C:\windows\system32\NLAapi.dll
0x705f0000 - 0x70600000 	C:\windows\system32\napinsp.dll
0x705d0000 - 0x705e2000 	C:\windows\system32\pnrpnsp.dll
0x745e0000 - 0x74624000 	C:\windows\system32\DNSAPI.dll
0x705c0000 - 0x705c8000 	C:\windows\System32\winrnr.dll
0x06f20000 - 0x06f53000 	C:\Program Files\YouKu\YoukuClient\ikutm.dll
0x74250000 - 0x74271000 	C:\windows\system32\ntmarta.dll
0x07270000 - 0x072a2000 	C:\Program Files\YouKu\YoukuClient\ikutmco.dll
0x74240000 - 0x74246000 	C:\windows\System32\wshqos.dll
0x74230000 - 0x74235000 	C:\windows\system32\wshtcpip.DLL
0x72db0000 - 0x72dcc000 	C:\windows\system32\IPHLPAPI.DLL
0x72da0000 - 0x72da7000 	C:\windows\system32\WINNSI.DLL
0x705b0000 - 0x705b6000 	C:\windows\system32\rasadhlp.dll
0x72800000 - 0x72838000 	C:\windows\System32\fwpuclnt.dll
0x73c00000 - 0x73c06000 	C:\Program Files\Java\jre7\bin\rmi.dll
0x5c370000 - 0x5c6c2000 	C:\windows\system32\GOOGLEPINYIN2.IME
0x74f60000 - 0x74f8e000 	C:\windows\system32\WINTRUST.dll
0x72f60000 - 0x72f65000 	C:\windows\system32\MSIMG32.dll
0x73840000 - 0x739d0000 	C:\windows\WinSxS\x86_microsoft.windows.gdiplus_6595b64144ccf1df_1.1.7601.18120_none_72d2e82386681b36\gdiplus.dll
0x70410000 - 0x704fb000 	C:\windows\system32\dbghelp.dll
0x6fd40000 - 0x6fe73000 	C:\windows\System32\msxml3.dll

VM Arguments:
jvm_args: -Dfile.encoding=GBK 
java_command: presentation.UserLogin
Launcher Type: SUN_STANDARD

Environment Variables:
JAVA_HOME=C:\Program Files\Java\jdk1.7.0_15
CLASSPATH=.;C:\Program Files\Java\jdk1.7.0_15\lib;C:\Program Files\Java\jdk1.7.0_15\lib\dt.jar;C:\Program Files\Java\jdk1.7.0_15\lib\tools.jar;
PATH=C:/Program Files/Java/jre7/bin/client;C:/Program Files/Java/jre7/bin;C:/Program Files/Java/jre7/lib/i386;C:\Program Files\NVIDIA Corporation\PhysX\Common;C:\windows\system32;C:\windows;C:\windows\System32\Wbem;C:\windows\System32\WindowsPowerShell\v1.0\;C:\Program Files\ATI Technologies\ATI.ACE\Core-Static;C:\Program Files\Microsoft SQL Server\80\Tools\BINN;D:\Program Files\TortoiseSvn\bin;C:\MinGW\bin;C:\Program Files\Java\jdk1.7.0_15\bin;;E:\Èí¼þ¹¤³Ì\eclipse-SDK-3.7-win32\eclipse;
USERNAME=Administrator
OS=Windows_NT
PROCESSOR_IDENTIFIER=x86 Family 6 Model 42 Stepping 7, GenuineIntel



---------------  S Y S T E M  ---------------

OS: Windows 7 Build 7601 Service Pack 1

CPU:total 4 (2 cores per cpu, 2 threads per core) family 6 model 42 stepping 7, cmov, cx8, fxsr, mmx, sse, sse2, sse3, ssse3, sse4.1, sse4.2, popcnt, avx, ht, tsc, tscinvbit

Memory: 4k page, physical 2072716k(761176k free), swap 4145432k(1767900k free)

vm_info: Java HotSpot(TM) Client VM (23.7-b01) for windows-x86 JRE (1.7.0_15-b03), built on Feb 15 2013 14:01:25 by "java_re" with unknown MS VC++:1600

time: Sun Dec 22 17:03:58 2013
elapsed time: 200 seconds

